A2025-07-31 15:01:52.536 58d0 Enter Watch Dog
A2025-07-31 15:01:52.536 58d0 Leave Watch Dog
A2025-07-31 15:01:52.536 58d0 Get Lock Succeed, Start FTP Monitor And Feeding Dog
A2025-07-31 15:01:52.538 58d0 Enter Watch Dog
A2025-07-31 15:01:52.762 6e04 Notify FTPServer Start, Current FTP Count : 1
A2025-07-31 15:01:53.046 940c Start FTP Server
A2025-07-31 15:05:16.029 3700 Enter Watch Dog
A2025-07-31 15:05:16.029 3700 Leave Watch Dog
A2025-07-31 15:05:16.029 3700 Get Lock Succeed, Start FTP Monitor And Feeding Dog
A2025-07-31 15:05:16.038 3700 Enter Watch Dog
A2025-07-31 15:05:16.248 7324 Notify FTPServer Start, Current FTP Count : 1
A2025-07-31 15:05:16.541 6878 Start FTP Server
A2025-07-31 15:17:16.706 7fd8 Enter Watch Dog
A2025-07-31 15:17:16.706 7fd8 Leave Watch Dog
A2025-07-31 15:17:16.706 7fd8 Get Lock Succeed, Start FTP Monitor And Feeding Dog
A2025-07-31 15:17:16.708 7fd8 Enter Watch Dog
A2025-07-31 15:17:16.889 138c Notify FTPServer Start, Current FTP Count : 1
A2025-07-31 15:17:17.212 2a84 Start FTP Server
A2025-07-31 15:17:29.667 5410 Enter Watch Dog
A2025-07-31 15:17:29.667 5410 Leave Watch Dog
A2025-07-31 15:17:29.667 5410 Get Lock Succeed, Start FTP Monitor And Feeding Dog
A2025-07-31 15:17:29.668 5410 Enter Watch Dog
A2025-07-31 15:17:29.668 5410 Leave Watch Dog
A2025-07-31 15:17:29.668 5410 Get Lock Succeed, Start FTP Monitor And Feeding Dog
A2025-07-31 15:17:29.668 5410 Already Feeding...
A2025-07-31 15:17:29.683 5410 Enter Watch Dog
A2025-07-31 15:17:29.838 3ec8 Notify FTPServer Start, Current FTP Count : 1
A2025-07-31 15:17:30.180 88f0 Start FTP Server
A2025-07-31 15:33:12.778 51a0 Enter Watch Dog
A2025-07-31 15:33:12.778 51a0 Leave Watch Dog
A2025-07-31 15:33:12.778 51a0 Get Lock Succeed, Start FTP Monitor And Feeding Dog
A2025-07-31 15:33:12.781 51a0 Enter Watch Dog
A2025-07-31 15:33:12.999 423c Notify FTPServer Start, Current FTP Count : 1
A2025-07-31 15:33:13.290 434 Start FTP Server
A2025-07-31 15:33:40.153 5ba0 Enter Watch Dog
A2025-07-31 15:33:40.153 5ba0 Leave Watch Dog
A2025-07-31 15:33:40.153 5ba0 Get Lock Succeed, Start FTP Monitor And Feeding Dog
A2025-07-31 15:33:40.159 5ba0 Enter Watch Dog
A2025-07-31 15:33:40.424 4188 Notify FTPServer Start, Current FTP Count : 1
A2025-07-31 15:33:40.667 3e28 Start FTP Server
A2025-07-31 15:40:49.661 8ac4 Enter Watch Dog
A2025-07-31 15:40:49.661 8ac4 Leave Watch Dog
A2025-07-31 15:40:49.661 8ac4 Get Lock Succeed, Start FTP Monitor And Feeding Dog
A2025-07-31 15:40:49.664 8ac4 Enter Watch Dog
A2025-07-31 15:40:49.833 8d94 Notify FTPServer Start, Current FTP Count : 1
A2025-07-31 15:40:50.171 97ec Start FTP Server
A2025-07-31 15:42:59.724 946c Enter Watch Dog
A2025-07-31 15:42:59.724 946c Leave Watch Dog
A2025-07-31 15:42:59.724 946c Get Lock Succeed, Start FTP Monitor And Feeding Dog
A2025-07-31 15:42:59.737 946c Enter Watch Dog
A2025-07-31 15:43:00.001 8048 Notify FTPServer Start, Current FTP Count : 1
A2025-07-31 15:43:00.230 1b80 Start FTP Server
A2025-07-31 15:53:41.568 5c24 Enter Watch Dog
A2025-07-31 15:53:41.568 5c24 Leave Watch Dog
A2025-07-31 15:53:41.568 5c24 Get Lock Succeed, Start FTP Monitor And Feeding Dog
A2025-07-31 15:53:41.581 5c24 Enter Watch Dog
A2025-07-31 15:53:41.740 53f4 Notify FTPServer Start, Current FTP Count : 1
A2025-07-31 15:53:42.084 684 Start FTP Server
A2025-07-31 15:54:29.360 9090 Enter Watch Dog
A2025-07-31 15:54:29.360 9090 Leave Watch Dog
A2025-07-31 15:54:29.360 9090 Get Lock Succeed, Start FTP Monitor And Feeding Dog
A2025-07-31 15:54:29.375 9090 Enter Watch Dog
A2025-07-31 15:54:29.528 3420 Notify FTPServer Start, Current FTP Count : 1
A2025-07-31 15:54:29.865 21c4 Start FTP Server
A2025-07-31 16:02:04.496 5680 Enter Watch Dog
A2025-07-31 16:02:04.496 5680 Leave Watch Dog
A2025-07-31 16:02:04.496 5680 Get Lock Succeed, Start FTP Monitor And Feeding Dog
A2025-07-31 16:02:04.501 5680 Enter Watch Dog
A2025-07-31 16:02:04.664 707c Notify FTPServer Start, Current FTP Count : 1
A2025-07-31 16:02:05.003 80a4 Start FTP Server
A2025-07-31 16:04:40.407 9154 Enter Watch Dog
A2025-07-31 16:04:40.407 9154 Leave Watch Dog
A2025-07-31 16:04:40.407 9154 Get Lock Succeed, Start FTP Monitor And Feeding Dog
A2025-07-31 16:04:40.417 9154 Enter Watch Dog
A2025-07-31 16:04:40.680 90ec Notify FTPServer Start, Current FTP Count : 1
A2025-07-31 16:04:40.922 5eb4 Start FTP Server
A2025-08-01 12:33:11.658 7c0 Enter Watch Dog
A2025-08-01 12:33:12.040 56cc Notify FTPServer Start, Current FTP Count : 1
A2025-08-01 12:40:04.682 7d9c Enter Watch Dog
A2025-08-01 12:40:04.682 7d9c Leave Watch Dog
A2025-08-01 12:40:04.682 7d9c Get Lock Succeed, Start FTP Monitor And Feeding Dog
A2025-08-01 12:40:04.691 7d9c Enter Watch Dog
A2025-08-01 12:40:04.968 1a58 Notify FTPServer Start, Current FTP Count : 1
A2025-08-01 12:40:05.194 4f7c Start FTP Server
A2025-08-01 12:44:02.604 2074 Enter Watch Dog
A2025-08-01 12:45:42.559 803c Enter Watch Dog
A2025-08-01 12:46:03.380 6610 Enter Watch Dog
A2025-08-01 12:46:03.380 6610 Leave Watch Dog
A2025-08-01 12:46:03.380 6610 Get Lock Succeed, Start FTP Monitor And Feeding Dog
A2025-08-01 12:46:03.383 6610 Enter Watch Dog
A2025-08-01 12:46:03.552 8b44 Notify FTPServer Start, Current FTP Count : 1
A2025-08-01 12:46:03.888 7700 Start FTP Server
A2025-08-01 12:46:47.181 48f8 Enter Watch Dog
A2025-08-01 12:46:47.181 48f8 Leave Watch Dog
A2025-08-01 12:46:47.181 48f8 Get Lock Succeed, Start FTP Monitor And Feeding Dog
A2025-08-01 12:46:47.185 48f8 Enter Watch Dog
A2025-08-01 12:46:47.351 8c84 Notify FTPServer Start, Current FTP Count : 1
A2025-08-01 12:46:47.686 4ee0 Start FTP Server
A2025-08-01 12:54:05.294 65b4 Enter Watch Dog
A2025-08-01 12:54:05.294 65b4 Leave Watch Dog
A2025-08-01 12:54:05.294 65b4 Get Lock Succeed, Start FTP Monitor And Feeding Dog
A2025-08-01 12:54:05.310 65b4 Enter Watch Dog
A2025-08-01 12:54:05.489 74f4 Notify FTPServer Start, Current FTP Count : 1
A2025-08-01 12:54:05.800 90a8 Start FTP Server
A2025-08-01 13:02:51.162 8d6c Enter Watch Dog
A2025-08-01 13:03:07.926 6350 Enter Watch Dog
A2025-08-01 13:03:07.927 6350 Leave Watch Dog
A2025-08-01 13:03:07.927 6350 Get Lock Succeed, Start FTP Monitor And Feeding Dog
A2025-08-01 13:03:07.930 6350 Enter Watch Dog
A2025-08-01 13:03:08.097 873c Notify FTPServer Start, Current FTP Count : 1
A2025-08-01 13:03:08.437 6188 Start FTP Server
A2025-08-12 10:15:34.444 5900 Enter Watch Dog
A2025-08-12 10:15:34.444 5900 Leave Watch Dog
A2025-08-12 10:15:34.444 5900 Get Lock Succeed, Start FTP Monitor And Feeding Dog
A2025-08-12 10:15:34.452 5900 Enter Watch Dog
A2025-08-12 10:15:34.709 d1c Notify FTPServer Start, Current FTP Count : 1
A2025-08-12 10:15:34.958 1e20 Start FTP Server
